21:31:47.990 [main] INFO  testCases.TC001_AccountRegistrationTest_PB - Providing the customer details....
21:31:48.003 [main] ERROR testCases.TC001_AccountRegistrationTest_PB - Test failed..
21:44:20.421 [main] INFO  org.testng.internal.Utils - [TestNG] Running:
  C:\Sel_prep\ParaBank\master.xml

21:44:24.690 [main] INFO  testCases.TC001_AccountRegistrationTest_PB - ******  Starting TC001_AccountRegistrationTest   *******
21:44:25.399 [main] INFO  testCases.TC001_AccountRegistrationTest_PB - Clicked on the registration link....
21:44:25.402 [main] INFO  testCases.TC001_AccountRegistrationTest_PB - Providing the customer details....
21:44:25.403 [main] ERROR testCases.TC001_AccountRegistrationTest_PB - Test failed..
22:12:16.912 [main] INFO  org.testng.internal.Utils - [TestNG] Running:
  C:\Sel_prep\ParaBank\master.xml

22:12:53.092 [main] INFO  org.testng.internal.Utils - [TestNG] Running:
  C:\Sel_prep\ParaBank\master.xml

22:12:55.927 [main] INFO  testCases.TC001_AccountRegistrationTest_PB - ******  Starting TC001_AccountRegistrationTest   *******
22:12:56.624 [main] INFO  testCases.TC001_AccountRegistrationTest_PB - Clicked on the registration link....
22:12:56.625 [main] INFO  testCases.TC001_AccountRegistrationTest_PB - Providing the customer details....
22:12:56.627 [main] ERROR testCases.TC001_AccountRegistrationTest_PB - Test failed..
22:14:14.910 [main] INFO  org.testng.internal.Utils - [TestNG] Running:
  C:\Sel_prep\ParaBank\master.xml

22:14:19.913 [main] INFO  testCases.TC001_AccountRegistrationTest - ******  Starting TC001_AccountRegistrationTest   *******
22:14:20.775 [main] INFO  testCases.TC001_AccountRegistrationTest - Clicked on the registration link....
22:14:20.798 [main] INFO  testCases.TC001_AccountRegistrationTest - Providing the customer details....
22:14:22.100 [main] INFO  testCases.TC001_AccountRegistrationTest - Validating the confirmation message....
22:14:22.507 [main] INFO  testCases.TC001_AccountRegistrationTest - ******  finished TC001_AccountRegistrationTest   *******
23:09:24.412 [main] INFO  org.testng.internal.Utils - [TestNG] Running:
  C:\Sel_prep\ParaBank\master.xml

23:09:28.641 [main] INFO  testCases.TC002_LoginTest - *************  Starting TC002_LoginTest***********
23:11:43.905 [main] DEBUG org.testng.TestNG - suiteXmlPath: "C:\Sel_prep\ParaBank\master.xml"
23:11:44.215 [main] INFO  org.testng.internal.Utils - [TestNG] Running:
  C:\Sel_prep\ParaBank\master.xml

23:11:49.546 [main] INFO  testCases.TC002_LoginTest - *************  Starting TC002_LoginTest***********
23:14:01.882 [main] DEBUG org.testng.TestNG - suiteXmlPath: "C:\Sel_prep\ParaBank\master.xml"
23:14:02.193 [main] INFO  org.testng.internal.Utils - [TestNG] Running:
  C:\Sel_prep\ParaBank\master.xml

23:14:06.489 [main] INFO  testCases.TC002_LoginTest - *************  Starting TC002_LoginTest***********
23:14:58.295 [main] DEBUG org.testng.TestNG - suiteXmlPath: "C:\Sel_prep\ParaBank\master.xml"
23:14:58.645 [main] INFO  org.testng.internal.Utils - [TestNG] Running:
  C:\Sel_prep\ParaBank\master.xml

23:15:02.765 [main] INFO  testCases.TC002_LoginTest - *************  Starting TC002_LoginTest***********
23:15:40.944 [main] DEBUG org.testng.TestNG - suiteXmlPath: "C:\Sel_prep\ParaBank\master.xml"
23:15:41.246 [main] INFO  org.testng.internal.Utils - [TestNG] Running:
  C:\Sel_prep\ParaBank\master.xml

23:15:44.815 [main] INFO  testCases.TC002_LoginTest - *************  Starting TC002_LoginTest***********
23:17:05.214 [main] DEBUG org.testng.TestNG - suiteXmlPath: "C:\Sel_prep\ParaBank\master.xml"
23:17:05.524 [main] INFO  org.testng.internal.Utils - [TestNG] Running:
  C:\Sel_prep\ParaBank\master.xml

23:17:10.566 [main] INFO  testCases.TC002_LoginTest - *************  Starting TC002_LoginTest***********
23:17:34.154 [main] DEBUG org.testng.TestNG - suiteXmlPath: "C:\Sel_prep\ParaBank\master.xml"
23:17:34.468 [main] INFO  org.testng.internal.Utils - [TestNG] Running:
  C:\Sel_prep\ParaBank\master.xml

23:17:38.509 [main] INFO  testCases.TC002_LoginTest - *************  Starting TC002_LoginTest***********
23:18:59.568 [main] DEBUG org.testng.TestNG - suiteXmlPath: "C:\Sel_prep\ParaBank\master.xml"
23:18:59.884 [main] INFO  org.testng.internal.Utils - [TestNG] Running:
  C:\Sel_prep\ParaBank\master.xml

23:19:04.000 [main] INFO  testCases.TC002_LoginTest - *************  Starting TC002_LoginTest***********
23:20:59.753 [main] DEBUG org.testng.TestNG - suiteXmlPath: "C:\Sel_prep\ParaBank\master.xml"
23:21:00.071 [main] INFO  org.testng.internal.Utils - [TestNG] Running:
  C:\Sel_prep\ParaBank\master.xml

23:21:04.220 [main] INFO  testCases.TC002_LoginTest - *************  Starting TC002_LoginTest***********
23:21:40.937 [main] DEBUG org.testng.TestNG - suiteXmlPath: "C:\Sel_prep\ParaBank\master.xml"
23:21:41.234 [main] INFO  org.testng.internal.Utils - [TestNG] Running:
  C:\Sel_prep\ParaBank\master.xml

23:21:44.914 [main] INFO  testCases.TC002_LoginTest - *************  Starting TC002_LoginTest***********
